/Applications/MAMP/htdocs/puzzle_ongit/Puzzle_onGit/js/Puzzle.js:117:5: Expected an assignment or function call and instead saw an expression.
			img.width;
    ^
/Applications/MAMP/htdocs/puzzle_ongit/Puzzle_onGit/js/Puzzle.js:118:5: Expected an assignment or function call and instead saw an expression.
			img.height;	
    ^
/Applications/MAMP/htdocs/puzzle_ongit/Puzzle_onGit/js/Puzzle.js:288:23: Expected '!==' and instead saw '!='.
			if(G_vmlCanvasManager != undefined){
                      ^
/Applications/MAMP/htdocs/puzzle_ongit/Puzzle_onGit/js/Puzzle.js:556:60: Expected '!==' and instead saw '!='.
			var testX = ($("#piece" + i).css("left").replace("px", "") != pieceArr["piece" + i].startingX);
                                                           ^
/Applications/MAMP/htdocs/puzzle_ongit/Puzzle_onGit/js/Puzzle.js:557:59: Expected '!==' and instead saw '!='.
			var testY = ($("#piece" + i).css("top").replace("px", "") != pieceArr["piece" + i].startingY);
                                                          ^
/Applications/MAMP/htdocs/puzzle_ongit/Puzzle_onGit/js/Puzzle.js:666:33: Missing radix parameter.
		for (j, x, i = o.length; i; j = parseInt(Math.random() * i), x = o[--i], o[i] = o[j], o[j] = x);
                                ^
/Applications/MAMP/htdocs/puzzle_ongit/Puzzle_onGit/js/Puzzle.js:666:96: Expected '{' and instead saw ';'.
		for (j, x, i = o.length; i; j = parseInt(Math.random() * i), x = o[--i], o[i] = o[j], o[j] = x);
                                                                                               ^
/Applications/MAMP/htdocs/puzzle_ongit/Puzzle_onGit/js/Puzzle.js:666:96: Unexpected ';'.
		for (j, x, i = o.length; i; j = parseInt(Math.random() * i), x = o[--i], o[i] = o[j], o[j] = x);
                                                                                               ^
/Applications/MAMP/htdocs/puzzle_ongit/Puzzle_onGit/js/Puzzle.js:667:1: Cannot read property "disrupt" from undefined
